<?xml version="1.0" encoding="UTF-8"?>
<testsuite xmlns:xsi="http://www.w3.org/2001/XMLSchema-instance" xsi:noNamespaceSchemaLocation="https://maven.apache.org/surefire/maven-surefire-plugin/xsd/surefire-test-report.xsd" version="3.0.2" name="com.example.demo.ControllerTest" time="8.594" tests="2" errors="0" skipped="0" failures="1">
  <properties>
[...]
</properties>
  <testcase name="shouldSaveStudent" classname="com.example.demo.ControllerTest" time="1.329">
    <system-out><![CDATA[12:05:33.010 [main] INFO org.springframework.test.context.support.AnnotationConfigContextLoaderUtils -- Could not detect default configuration classes for test class [com.example.demo.ControllerTest]: ControllerTest does not declare any static, non-private, non-final, nested classes annotated with @Configuration.
12:05:33.224 [main] INFO org.springframework.boot.test.context.SpringBootTestContextBootstrapper -- Found @SpringBootConfiguration com.example.demo.DemoApplication for test class com.example.demo.ControllerTest

  .   ____          _            __ _ _
 /\\ / ___'_ __ _ _(_)_ __  __ _ \ \ \ \
( ( )\___ | '_ | '_| | '_ \/ _` | \ \ \ \
 \\/  ___)| |_)| | | | | || (_| |  ) ) ) )
  '  |____| .__|_| |_|_| |_\__, | / / / /
 =========|_|==============|___/=/_/_/_/

 :: Spring Boot ::                (v3.5.7)

2025-11-19T12:05:34.073+01:00  INFO 12140 --- [           main] com.example.demo.ControllerTest          : Starting ControllerTest using Java 17.0.16 with PID 12140 (started by Amina.AIMEUR in C:\Users\amina.aimeur\Downloads\demo (1)\demo)
2025-11-19T12:05:34.076+01:00  INFO 12140 --- [           main] com.example.demo.ControllerTest          : The following 1 profile is active: "test"
2025-11-19T12:05:35.400+01:00  INFO 12140 --- [           main] .s.d.r.c.RepositoryConfigurationDelegate : Bootstrapping Spring Data JPA repositories in DEFAULT mode.
2025-11-19T12:05:35.534+01:00  INFO 12140 --- [           main] .s.d.r.c.RepositoryConfigurationDelegate : Finished Spring Data repository scanning in 113 ms. Found 1 JPA repository interface.
2025-11-19T12:05:36.321+01:00  INFO 12140 --- [           main] o.hibernate.jpa.internal.util.LogHelper  : HHH000204: Processing PersistenceUnitInfo [name: default]
2025-11-19T12:05:36.412+01:00  INFO 12140 --- [           main] org.hibernate.Version                    : HHH000412: Hibernate ORM core version 6.6.33.Final
2025-11-19T12:05:36.478+01:00  INFO 12140 --- [           main] o.h.c.internal.RegionFactoryInitiator    : HHH000026: Second-level cache disabled
2025-11-19T12:05:36.999+01:00  INFO 12140 --- [           main] o.s.o.j.p.SpringPersistenceUnitInfo      : No LoadTimeWeaver setup: ignoring JPA class transformer
2025-11-19T12:05:37.100+01:00  INFO 12140 --- [           main] com.zaxxer.hikari.HikariDataSource       : HikariPool-1 - Starting...
2025-11-19T12:05:37.379+01:00  INFO 12140 --- [           main] com.zaxxer.hikari.pool.HikariPool        : HikariPool-1 - Added connection conn0: url=jdbc:h2:mem:testdb user=SA
2025-11-19T12:05:37.383+01:00  INFO 12140 --- [           main] com.zaxxer.hikari.HikariDataSource       : HikariPool-1 - Start completed.
2025-11-19T12:05:37.473+01:00  INFO 12140 --- [           main] org.hibernate.orm.connections.pooling    : HHH10001005: Database info:
	Database JDBC URL [Connecting through datasource 'HikariDataSource (HikariPool-1)']
	Database driver: undefined/unknown
	Database version: 2.3.232
	Autocommit mode: undefined/unknown
	Isolation level: undefined/unknown
	Minimum pool size: undefined/unknown
	Maximum pool size: undefined/unknown
2025-11-19T12:05:38.455+01:00  INFO 12140 --- [           main] o.h.e.t.j.p.i.JtaPlatformInitiator       : HHH000489: No JTA platform available (set 'hibernate.transaction.jta.platform' to enable JTA platform integration)
Hibernate: drop table if exists student cascade 
Hibernate: create table student (id integer generated by default as identity, address varchar(255), name varchar(255), primary key (id))
2025-11-19T12:05:38.500+01:00  INFO 12140 --- [           main] j.LocalContainerEntityManagerFactoryBean : Initialized JPA EntityManagerFactory for persistence unit 'default'
2025-11-19T12:05:39.119+01:00  WARN 12140 --- [           main] JpaBaseConfiguration$JpaWebConfiguration : spring.jpa.open-in-view is enabled by default. Therefore, database queries may be performed during view rendering. Explicitly configure spring.jpa.open-in-view to disable this warning
2025-11-19T12:05:39.875+01:00  INFO 12140 --- [           main] com.example.demo.ControllerTest          : Started ControllerTest in 6.371 seconds (process running for 8.093)
Hibernate: insert into student (address,name,id) values (?,?,default)
Hibernate: select count(*) from student s1_0
]]></system-out>
  </testcase>
  <testcase name="shouldFindAllStudents" classname="com.example.demo.ControllerTest" time="0.078">
    <failure message="&#10;expected: &quot;Charlie&quot;&#10; but was: &quot;AMINA&quot;" type="org.opentest4j.AssertionFailedError"><![CDATA[org.opentest4j.AssertionFailedError: 

expected: "Charlie"
 but was: "AMINA"
	at com.example.demo.ControllerTest.shouldFindAllStudents(ControllerTest.java:39)
	at java.base/java.lang.reflect.Method.invoke(Method.java:569)
	at java.base/java.util.ArrayList.forEach(ArrayList.java:1511)
	at java.base/java.util.ArrayList.forEach(ArrayList.java:1511)
]]></failure>
    <system-out><![CDATA[Hibernate: select s1_0.id,s1_0.address,s1_0.name from student s1_0
]]></system-out>
  </testcase>
</testsuite>